<?xml version="1.0" encoding="UTF-8" ?>
<testsuite failures="0" time="7.815" errors="0" skipped="0" tests="4" name="com.vidlib.service.jpa.MediaServiceTest">
  <properties>
[...]
</properties>
  <testcase time="7.224" classname="com.vidlib.service.jpa.MediaServiceTest" name="TestCreateMedia"/>
  <testcase time="0.407" classname="com.vidlib.service.jpa.MediaServiceTest" name="TestFindAll"/>
  <testcase time="0.086" classname="com.vidlib.service.jpa.MediaServiceTest" name="TestReadMedia"/>
  <testcase time="0.043" classname="com.vidlib.service.jpa.MediaServiceTest" name="TestNoMedia"/>
</testsuite>